C:\USERS\GARRETT\ONEDRIVE\CPT_S 122 PROGRAMS\PA_3\PA_3\DEBUG\MAIN.OBJ
C:\USERS\GARRETT\ONEDRIVE\CPT_S 122 PROGRAMS\PA_3\PA_3\DEBUG\FUNCTIONS.OBJ
C:\USERS\GARRETT\ONEDRIVE\CPT_S 122 PROGRAMS\PA_3\PA_3\DEBUG\VC110.PDB
C:\Users\Garrett\OneDrive\CPT_S 122 programs\PA_3\PA_3\Debug\functions.obj
C:\Users\Garrett\OneDrive\CPT_S 122 programs\PA_3\PA_3\Debug\main.obj
C:\Users\Garrett\OneDrive\CPT_S 122 programs\PA_3\PA_3\Debug\cl.command.1.tlog
C:\Users\Garrett\OneDrive\CPT_S 122 programs\PA_3\PA_3\Debug\CL.read.1.tlog
C:\Users\Garrett\OneDrive\CPT_S 122 programs\PA_3\PA_3\Debug\CL.write.1.tlog
C:\Users\Garrett\OneDrive\CPT_S 122 programs\PA_3\PA_3\Debug\link-cvtres.read.1.tlog
C:\Users\Garrett\OneDrive\CPT_S 122 programs\PA_3\PA_3\Debug\link-cvtres.write.1.tlog
C:\Users\Garrett\OneDrive\CPT_S 122 programs\PA_3\PA_3\Debug\link-rc.read.1.tlog
C:\Users\Garrett\OneDrive\CPT_S 122 programs\PA_3\PA_3\Debug\link-rc.write.1.tlog
C:\Users\Garrett\OneDrive\CPT_S 122 programs\PA_3\PA_3\Debug\link.1292-cvtres.read.1.tlog
C:\Users\Garrett\OneDrive\CPT_S 122 programs\PA_3\PA_3\Debug\link.1292-cvtres.write.1.tlog
C:\Users\Garrett\OneDrive\CPT_S 122 programs\PA_3\PA_3\Debug\link.1292-rc.read.1.tlog
C:\Users\Garrett\OneDrive\CPT_S 122 programs\PA_3\PA_3\Debug\link.1292-rc.write.1.tlog
C:\Users\Garrett\OneDrive\CPT_S 122 programs\PA_3\PA_3\Debug\link.1292.read.1.tlog
C:\Users\Garrett\OneDrive\CPT_S 122 programs\PA_3\PA_3\Debug\link.1292.write.1.tlog
C:\Users\Garrett\OneDrive\CPT_S 122 programs\PA_3\PA_3\Debug\link.4516-cvtres.read.1.tlog
C:\Users\Garrett\OneDrive\CPT_S 122 programs\PA_3\PA_3\Debug\link.4516-cvtres.write.1.tlog
C:\Users\Garrett\OneDrive\CPT_S 122 programs\PA_3\PA_3\Debug\link.4516-rc.read.1.tlog
C:\Users\Garrett\OneDrive\CPT_S 122 programs\PA_3\PA_3\Debug\link.4516-rc.write.1.tlog
C:\Users\Garrett\OneDrive\CPT_S 122 programs\PA_3\PA_3\Debug\link.4516.read.1.tlog
C:\Users\Garrett\OneDrive\CPT_S 122 programs\PA_3\PA_3\Debug\link.4516.write.1.tlog
C:\Users\Garrett\OneDrive\CPT_S 122 programs\PA_3\PA_3\Debug\link.command.1.tlog
C:\Users\Garrett\OneDrive\CPT_S 122 programs\PA_3\PA_3\Debug\link.read.1.tlog
C:\Users\Garrett\OneDrive\CPT_S 122 programs\PA_3\PA_3\Debug\link.write.1.tlog
C:\Users\Garrett\OneDrive\CPT_S 122 programs\PA_3\PA_3\Debug\vc110.idb
C:\Users\Garrett\OneDrive\CPT_S 122 programs\PA_3\PA_3\Debug\vc110.pdb
